-------------------------------------------------------------------------------
Test set: bgu.spl.mics.SquadTest
-------------------------------------------------------------------------------
Tests run: 1, Failures: 1, Errors: 0, Skipped: 0, Time elapsed: 0 s <<< FAILURE! - in bgu.spl.mics.SquadTest
test  Time elapsed: 0 s  <<< FAILURE!
org.opentest4j.AssertionFailedError: Not a good test
	at bgu.spl.mics.SquadTest.test(SquadTest.java:17)

